<?xml version="1.0" encoding="UTF-8"?>
<!-- Generated by org.testng.reporters.JUnitReportReporter -->
<testsuite skipped="0" hostname="DESKTOP-01THEB1" name="com.craftsvilla.testscripts.SignUpScripts" tests="1" failures="0" timestamp="13 Nov 2018 02:48:20 GMT" time="114.256" errors="0">
  <testcase name="TC_01_SignUp" time="114.256" classname="com.craftsvilla.testscripts.SignUpScripts"/>
</testsuite> <!-- com.craftsvilla.testscripts.SignUpScripts -->
